        -:    0:Source:identifier.c
        -:    0:Graph:identifier.gcno
        -:    0:Data:identifier.gcda
        -:    0:Runs:1
        -:    0:Programs:1
        -:    1:// ----------------------------------------------------------------
        -:    2:// ESPECIFICAÇÃO: O programa deve determinar se um identificador
        -:    3:// é ou não válido. Um identificador válido deve começar com uma
        -:    4:// letra e conter apenas letras ou dígitos. Além disto, deve ter
        -:    5:// no mínimo 1 caractere e no máximo 6 caracteres de comprimento
        -:    6:// ----------------------------------------------------------------
        -:    7:
        -:    8:#include <stdio.h>
        -:    9:
function valid_s called 1 returned 100% blocks executed 86%
        1:   10:int valid_s(char ch) {
        1:   11:  if (((ch >= 'A') && (ch <= 'Z')) || ((ch >= 'a') && (ch <= 'z')))
branch  0 taken 100% (fallthrough)
branch  1 taken 0%
branch  2 taken 100% (fallthrough)
branch  3 taken 0%
branch  4 taken 100% (fallthrough)
branch  5 taken 0%
branch  6 taken 100% (fallthrough)
branch  7 taken 0%
        1:   12:    return 1;
        -:   13:  else
    #####:   14:    return 0;
        -:   15:}
        -:   16:
function valid_f called 2 returned 100% blocks executed 67%
        2:   17:int valid_f(char ch) {
        2:   18:  if (((ch >= 'A') && (ch <= 'Z')) || ((ch >= 'a') && (ch <= 'z')) || ((ch >= '0') && (ch <= '9')))
branch  0 taken 100% (fallthrough)
branch  1 taken 0%
branch  2 taken 100% (fallthrough)
branch  3 taken 0%
branch  4 taken 100% (fallthrough)
branch  5 taken 0%
branch  6 taken 0% (fallthrough)
branch  7 taken 100%
branch  8 never executed
branch  9 never executed
branch 10 never executed
branch 11 never executed
        2:   19:    return 1;
        -:   20:  else
    #####:   21:    return 0;
        -:   22:}
        -:   23:
function main called 1 returned 100% blocks executed 86%
        1:   24:int main(void) {
        -:   25:  char achar;
        -:   26:  int  length, valid_id;
        1:   27:  length = 0;
        1:   28:  printf("Identificador: ");
call    0 returned 100%
        1:   29:  achar = fgetc(stdin);
call    0 returned 100%
        1:   30:  valid_id = valid_s(achar);
call    0 returned 100%
        1:   31:  if(valid_id) {
branch  0 taken 100% (fallthrough)
branch  1 taken 0%
        1:   32:    length = 1;
        -:   33:  }
        1:   34:  achar = fgetc(stdin);
call    0 returned 100%
        4:   35:  while(achar != '\n') {
branch  0 taken 67%
branch  1 taken 33% (fallthrough)
        2:   36:    if(!(valid_f(achar))) {
call    0 returned 100%
branch  1 taken 0% (fallthrough)
branch  2 taken 100%
    #####:   37:      valid_id = 0;
        -:   38:    }
        2:   39:    length++;
        2:   40:    achar = fgetc(stdin);
call    0 returned 100%
        -:   41:  }
        1:   42:  if (valid_id && (length >= 1) && (length < 6)) {
branch  0 taken 100% (fallthrough)
branch  1 taken 0%
branch  2 taken 100% (fallthrough)
branch  3 taken 0%
branch  4 taken 100% (fallthrough)
branch  5 taken 0%
        1:   43:    printf("Valido\n");
call    0 returned 100%
        1:   44:    return 0;
        -:   45:  }
        -:   46:  else {
    #####:   47:    printf("Invalido\n");
call    0 never executed
    #####:   48:    return 1;
        -:   49:  }
        -:   50:}
